<?xml version="1.0" encoding="UTF-8"?>
<!-- Generated by org.testng.reporters.JUnitReportReporter -->
<testsuite skipped="0" hostname="HYD-LAP-0646" name="com.restassured.baseTest.TestFile.ReqresTest" tests="1" failures="0" timestamp="2020-05-10T00:33:53 IST" time="4.964" errors="0">
  <testcase name="postResponse" time="4.964" classname="com.restassured.baseTest.TestFile.ReqresTest"/>
  <system-out/>
</testsuite> <!-- com.restassured.baseTest.TestFile.ReqresTest -->
